<?xml version="1.0" encoding="UTF-8"?>
<!-- Generated by org.testng.reporters.JUnitReportReporter -->
<testsuite skipped="0" hostname="NTS5CG7321YLY" name="runners.Call_Mid_Call_Actions_Test" tests="1" failures="0" timestamp="10 Oca 2019 08:14:40 GMT" time="192.407" errors="0">
  <testcase name="feature" time="192.407" classname="runners.Call_Mid_Call_Actions_Test"/>
</testsuite> <!-- runners.Call_Mid_Call_Actions_Test -->
