<?xml version="1.0" encoding="UTF-8"?>
<!-- Generated by org.testng.reporters.JUnitReportReporter -->
<testsuite skipped="0" hostname="NTS5CG7321YLY" name="runners.Test_report_Test" tests="1" failures="0" timestamp="09 Oca 2019 06:05:35 GMT" time="167.812" errors="0">
  <testcase name="feature" time="167.812" classname="runners.Test_report_Test"/>
</testsuite> <!-- runners.Test_report_Test -->
