<?xml version="1.0" encoding="UTF-8"?>
<!-- Generated by org.testng.reporters.JUnitReportReporter -->
<testsuite skipped="0" hostname="NTS5CG7321YLY" name="runners.Test_report_Test" tests="5" failures="0" timestamp="17 Jan 2019 11:41:50 GMT" time="681.866" errors="0">
  <testcase name="feature" time="116.703" classname="runners.Test_report_Test"/>
  <testcase name="feature" time="118.888" classname="runners.Test_report_Test"/>
  <testcase name="feature" time="106.184" classname="runners.Test_report_Test"/>
  <testcase name="feature" time="187.580" classname="runners.Test_report_Test"/>
  <testcase name="feature" time="152.511" classname="runners.Test_report_Test"/>
</testsuite> <!-- runners.Test_report_Test -->
