<?xml version="1.0" encoding="UTF-8"?>
<!-- Generated by org.testng.reporters.JUnitReportReporter -->
<testsuite skipped="0" hostname="NTS5CG7321YLY" name="runners.ecemy_report_Test" tests="1" failures="0" timestamp="18 Jan 2019 12:26:55 GMT" time="381.458" errors="0">
  <testcase name="feature" time="381.458" classname="runners.ecemy_report_Test"/>
</testsuite> <!-- runners.ecemy_report_Test -->
