<?xml version="1.0" encoding="UTF-8"?>
<!-- Generated by org.testng.reporters.JUnitReportReporter -->
<testsuite skipped="0" hostname="NTS5CG7321YLY" name="runners.Contact_Related_Scenarios_Test" tests="1" failures="0" timestamp="10 Oca 2019 07:01:52 GMT" time="137.596" errors="0">
  <testcase name="feature" time="137.596" classname="runners.Contact_Related_Scenarios_Test"/>
</testsuite> <!-- runners.Contact_Related_Scenarios_Test -->
