<?xml version="1.0" encoding="UTF-8"?>
<!-- Generated by org.testng.reporters.JUnitReportReporter -->
<testsuite skipped="0" hostname="NTS5CG7321YLY" name="runners.Test_Test" tests="1" failures="0" timestamp="15 Oca 2019 11:42:36 GMT" time="123.842" errors="0">
  <testcase name="feature" time="123.842" classname="runners.Test_Test"/>
</testsuite> <!-- runners.Test_Test -->
