<?xml version="1.0" encoding="UTF-8"?>
<!-- Generated by org.testng.reporters.JUnitReportReporter -->
<testsuite skipped="0" hostname="NTS5CG7321YLY" name="runners.Settings_Page_Test" tests="1" failures="0" timestamp="15 Oca 2019 10:15:30 GMT" time="58.872" errors="0">
  <testcase name="feature" time="58.872" classname="runners.Settings_Page_Test"/>
</testsuite> <!-- runners.Settings_Page_Test -->
