<?xml version="1.0" encoding="UTF-8"?>
<!-- Generated by org.testng.reporters.JUnitReportReporter -->
<testsuite skipped="0" hostname="NTS5CG7321YLY" name="runners.Send_Receive_Message_Test" tests="1" failures="0" timestamp="10 Oca 2019 11:29:15 GMT" time="125.629" errors="0">
  <testcase name="feature" time="125.629" classname="runners.Send_Receive_Message_Test"/>
</testsuite> <!-- runners.Send_Receive_Message_Test -->
