<?xml version="1.0" encoding="UTF-8"?>
<!-- Generated by org.testng.reporters.JUnitReportReporter -->
<testsuite skipped="0" hostname="NTS5CG7321YLY" name="runners.Call_Transfer_Actions_Test" tests="1" failures="0" timestamp="22 Oca 2019 07:43:59 GMT" time="190.256" errors="0">
  <testcase name="feature" time="190.256" classname="runners.Call_Transfer_Actions_Test"/>
</testsuite> <!-- runners.Call_Transfer_Actions_Test -->
