<?xml version="1.0" encoding="UTF-8"?>
<!-- Generated by org.testng.reporters.JUnitReportReporter -->
<testsuite skipped="0" hostname="NTS5CG7321YLY" name="runners.Basic_Login_Scenarios_Test" tests="1" failures="0" timestamp="22 Oca 2019 05:15:19 GMT" time="153.726" errors="0">
  <testcase name="feature" time="153.726" classname="runners.Basic_Login_Scenarios_Test"/>
</testsuite> <!-- runners.Basic_Login_Scenarios_Test -->
